  pch.cpp
  Calculator.cpp
  Check.cpp
c:\calculator-kursovik\calculator\check.cpp(10): warning C4018: <: несоответствие типов со знаком и без знака
  Clear.cpp
  Delete.cpp
  Diff.cpp
  Div.cpp
  Sqr.cpp
  GetFirNum.cpp
  GetSecNum.cpp
c:\calculator-kursovik\calculator\getsecnum.cpp(9): warning C4018: <: несоответствие типов со знаком и без знака
  Multi.cpp
  Pars.cpp
c:\calculator-kursovik\calculator\pars.cpp(14): warning C4018: <: несоответствие типов со знаком и без знака
c:\calculator-kursovik\calculator\pars.cpp(75): warning C4018: <: несоответствие типов со знаком и без знака
c:\calculator-kursovik\calculator\pars.cpp(97): warning C4018: <: несоответствие типов со знаком и без знака
c:\calculator-kursovik\calculator\pars.cpp(113): warning C4018: <: несоответствие типов со знаком и без знака
c:\calculator-kursovik\calculator\pars.cpp(149): warning C4018: <: несоответствие типов со знаком и без знака
c:\calculator-kursovik\calculator\pars.cpp(179): warning C4018: <: несоответствие типов со знаком и без знака
c:\calculator-kursovik\calculator\pars.cpp(186): warning C4018: <: несоответствие типов со знаком и без знака
  Replace.cpp
  Sqrt.cpp
  Sum.cpp
  Создание кода...
  Calculator.vcxproj -> C:\Calculator-kursovik\Debug\Calculator.exe
